c:\users\pablo\documents\github\vacaciones_p1_edd\pro1_201800464\debug\vc142.pdb
c:\users\pablo\documents\github\vacaciones_p1_edd\pro1_201800464\debug\vc142.idb
c:\users\pablo\documents\github\vacaciones_p1_edd\pro1_201800464\debug\usuario.obj
c:\users\pablo\documents\github\vacaciones_p1_edd\pro1_201800464\debug\transa.obj
c:\users\pablo\documents\github\vacaciones_p1_edd\pro1_201800464\debug\pro1_201800464.obj
c:\users\pablo\documents\github\vacaciones_p1_edd\pro1_201800464\debug\act.obj
c:\users\pablo\documents\github\vacaciones_p1_edd\pro1_201800464\debug\matrixdis.obj
c:\users\pablo\documents\github\vacaciones_p1_edd\pro1_201800464\debug\matriz_dispersa.obj
c:\users\pablo\documents\github\vacaciones_p1_edd\pro1_201800464\debug\circulardobletransacciones.obj
c:\users\pablo\documents\github\vacaciones_p1_edd\pro1_201800464\debug\arbolbin.obj
c:\users\pablo\documents\github\vacaciones_p1_edd\pro1_201800464\debug\catalogolsimple.obj
c:\users\pablo\documents\github\vacaciones_p1_edd\pro1_201800464\debug\pro1_201800464.exe
c:\users\pablo\documents\github\vacaciones_p1_edd\pro1_201800464\debug\pro1_201800464.ilk
c:\users\pablo\documents\github\vacaciones_p1_edd\pro1_201800464\debug\pro1_201800464.pdb
c:\users\pablo\documents\github\vacaciones_p1_edd\pro1_201800464\debug\matrixdis.obj.enc
c:\users\pablo\documents\github\vacaciones_p1_edd\pro1_201800464\debug\pro1_201800464.obj.enc
c:\users\pablo\documents\github\vacaciones_p1_edd\pro1_201800464\debug\pro1_201800464.tlog\cl.command.1.tlog
c:\users\pablo\documents\github\vacaciones_p1_edd\pro1_201800464\debug\pro1_201800464.tlog\cl.read.1.tlog
c:\users\pablo\documents\github\vacaciones_p1_edd\pro1_201800464\debug\pro1_201800464.tlog\cl.write.1.tlog
c:\users\pablo\documents\github\vacaciones_p1_edd\pro1_201800464\debug\pro1_201800464.tlog\link.command.1.tlog
c:\users\pablo\documents\github\vacaciones_p1_edd\pro1_201800464\debug\pro1_201800464.tlog\link.read.1.tlog
c:\users\pablo\documents\github\vacaciones_p1_edd\pro1_201800464\debug\pro1_201800464.tlog\link.write.1.tlog
